D:\material\apr-util\xml\expat\lib\.\LibD\xml.lib
D:\MATERIAL\APR-UTIL\XML\EXPAT\LIB\CONFIG.H
D:\MATERIAL\APR-UTIL\XML\EXPAT\LIB\EXPAT.H
D:\material\apr-util\xml\expat\lib\LibD\cl.command.1.tlog
D:\material\apr-util\xml\expat\lib\LibD\CL.read.1.tlog
D:\material\apr-util\xml\expat\lib\LibD\CL.write.1.tlog
D:\material\apr-util\xml\expat\lib\LibD\custombuild.command.1.tlog
D:\material\apr-util\xml\expat\lib\LibD\custombuild.read.1.tlog
D:\material\apr-util\xml\expat\lib\LibD\custombuild.write.1.tlog
D:\material\apr-util\xml\expat\lib\LibD\lib.command.1.tlog
D:\material\apr-util\xml\expat\lib\LibD\Lib-link.read.1.tlog
D:\material\apr-util\xml\expat\lib\LibD\Lib-link.write.1.tlog
D:\MATERIAL\APR-UTIL\XML\EXPAT\LIB\LIBD\XML.LIB
D:\material\apr-util\xml\expat\lib\LibD\xml.vcxprojResolveAssemblyReference.cache
D:\material\apr-util\xml\expat\lib\LibD\xml.write.1.tlog
D:\MATERIAL\APR-UTIL\XML\EXPAT\LIB\LIBD\XML_SRC
D:\material\apr-util\xml\expat\lib\LibD\xml_src.pdb
D:\MATERIAL\APR-UTIL\XML\EXPAT\LIB\LIBD\XMLPARSE.OBJ
D:\MATERIAL\APR-UTIL\XML\EXPAT\LIB\LIBD\XMLROLE.OBJ
D:\MATERIAL\APR-UTIL\XML\EXPAT\LIB\LIBD\XMLTOK.OBJ
