D:\MATERIAL\APR-UTIL\INCLUDE\APR_LDAP.H
D:\MATERIAL\APR-UTIL\INCLUDE\APU.H
D:\MATERIAL\APR-UTIL\INCLUDE\APU_WANT.H
D:\MATERIAL\APR-UTIL\INCLUDE\PRIVATE\APU_CONFIG.H
D:\MATERIAL\APR-UTIL\INCLUDE\PRIVATE\APU_SELECT_DBM.H
D:\MATERIAL\APR-UTIL\LIBD\APR_BASE64.OBJ
D:\MATERIAL\APR-UTIL\LIBD\APR_BRIGADE.OBJ
D:\MATERIAL\APR-UTIL\LIBD\APR_BUCKETS.OBJ
D:\MATERIAL\APR-UTIL\LIBD\APR_BUCKETS_ALLOC.OBJ
D:\MATERIAL\APR-UTIL\LIBD\APR_BUCKETS_EOS.OBJ
D:\MATERIAL\APR-UTIL\LIBD\APR_BUCKETS_FILE.OBJ
D:\MATERIAL\APR-UTIL\LIBD\APR_BUCKETS_FLUSH.OBJ
D:\MATERIAL\APR-UTIL\LIBD\APR_BUCKETS_HEAP.OBJ
D:\MATERIAL\APR-UTIL\LIBD\APR_BUCKETS_MMAP.OBJ
D:\MATERIAL\APR-UTIL\LIBD\APR_BUCKETS_PIPE.OBJ
D:\MATERIAL\APR-UTIL\LIBD\APR_BUCKETS_POOL.OBJ
D:\MATERIAL\APR-UTIL\LIBD\APR_BUCKETS_REFCOUNT.OBJ
D:\MATERIAL\APR-UTIL\LIBD\APR_BUCKETS_SIMPLE.OBJ
D:\MATERIAL\APR-UTIL\LIBD\APR_BUCKETS_SOCKET.OBJ
D:\MATERIAL\APR-UTIL\LIBD\APR_DATE.OBJ
D:\MATERIAL\APR-UTIL\LIBD\APR_DBD.OBJ
D:\MATERIAL\APR-UTIL\LIBD\APR_DBD_PGSQL.OBJ
D:\MATERIAL\APR-UTIL\LIBD\APR_DBD_SQLITE2.OBJ
D:\MATERIAL\APR-UTIL\LIBD\APR_DBD_SQLITE3.OBJ
D:\MATERIAL\APR-UTIL\LIBD\APR_DBM.OBJ
D:\MATERIAL\APR-UTIL\LIBD\APR_DBM_BERKELEYDB.OBJ
D:\MATERIAL\APR-UTIL\LIBD\APR_DBM_GDBM.OBJ
D:\MATERIAL\APR-UTIL\LIBD\APR_DBM_SDBM.OBJ
D:\MATERIAL\APR-UTIL\LIBD\APR_HOOKS.OBJ
D:\MATERIAL\APR-UTIL\LIBD\APR_LDAP_INIT.OBJ
D:\MATERIAL\APR-UTIL\LIBD\APR_LDAP_OPTION.OBJ
D:\MATERIAL\APR-UTIL\LIBD\APR_LDAP_URL.OBJ
D:\MATERIAL\APR-UTIL\LIBD\APR_MD4.OBJ
D:\MATERIAL\APR-UTIL\LIBD\APR_MD5.OBJ
D:\MATERIAL\APR-UTIL\LIBD\APR_QUEUE.OBJ
D:\MATERIAL\APR-UTIL\LIBD\APR_RESLIST.OBJ
D:\MATERIAL\APR-UTIL\LIBD\APR_RMM.OBJ
D:\MATERIAL\APR-UTIL\LIBD\APR_SHA1.OBJ
D:\MATERIAL\APR-UTIL\LIBD\APR_STRMATCH.OBJ
D:\MATERIAL\APR-UTIL\LIBD\APR_URI.OBJ
D:\MATERIAL\APR-UTIL\LIBD\APR_XML.OBJ
D:\material\apr-util\LibD\aprutil.write.1.tlog
D:\MATERIAL\APR-UTIL\LIBD\APRUTIL_SRC
D:\material\apr-util\LibD\aprutil_src.pdb
D:\MATERIAL\APR-UTIL\LIBD\APRUTIL-1.LIB
D:\MATERIAL\APR-UTIL\LIBD\APU_VERSION.OBJ
D:\material\apr-util\LibD\cl.command.1.tlog
D:\material\apr-util\LibD\CL.read.1.tlog
D:\material\apr-util\LibD\CL.write.1.tlog
D:\material\apr-util\LibD\custombuild.command.1.tlog
D:\material\apr-util\LibD\custombuild.read.1.tlog
D:\material\apr-util\LibD\custombuild.write.1.tlog
D:\MATERIAL\APR-UTIL\LIBD\GETUUID.OBJ
D:\material\apr-util\LibD\lib.command.1.tlog
D:\material\apr-util\LibD\Lib-link.read.1.tlog
D:\material\apr-util\LibD\Lib-link.write.1.tlog
D:\MATERIAL\APR-UTIL\LIBD\SDBM.OBJ
D:\MATERIAL\APR-UTIL\LIBD\SDBM_HASH.OBJ
D:\MATERIAL\APR-UTIL\LIBD\SDBM_LOCK.OBJ
D:\MATERIAL\APR-UTIL\LIBD\SDBM_PAIR.OBJ
D:\MATERIAL\APR-UTIL\LIBD\UUID.OBJ
D:\MATERIAL\APR-UTIL\LIBD\XLATE.OBJ
