D:\MATERIAL\APR\INCLUDE\APR.H
D:\MATERIAL\APR\LIBR\ACCESS.OBJ
D:\material\apr\LibR\apr.vcxprojResolveAssemblyReference.cache
D:\material\apr\LibR\apr.write.1.tlog
D:\MATERIAL\APR\LIBR\APR_ATOMIC.OBJ
D:\MATERIAL\APR\LIBR\APR_CPYSTRN.OBJ
D:\MATERIAL\APR\LIBR\APR_FNMATCH.OBJ
D:\MATERIAL\APR\LIBR\APR_GETPASS.OBJ
D:\MATERIAL\APR\LIBR\APR_HASH.OBJ
D:\MATERIAL\APR\LIBR\APR_POOLS.OBJ
D:\MATERIAL\APR\LIBR\APR_RANDOM.OBJ
D:\MATERIAL\APR\LIBR\APR_SNPRINTF.OBJ
D:\MATERIAL\APR\LIBR\APR_SRC
D:\material\apr\LibR\apr_src.pdb
D:\MATERIAL\APR\LIBR\APR_STRINGS.OBJ
D:\MATERIAL\APR\LIBR\APR_STRNATCMP.OBJ
D:\MATERIAL\APR\LIBR\APR_STRTOK.OBJ
D:\MATERIAL\APR\LIBR\APR_TABLES.OBJ
D:\MATERIAL\APR\LIBR\APR-1.LIB
D:\MATERIAL\APR\LIBR\CHARSET.OBJ
D:\material\apr\LibR\cl.command.1.tlog
D:\material\apr\LibR\CL.read.1.tlog
D:\material\apr\LibR\CL.write.1.tlog
D:\MATERIAL\APR\LIBR\COMMON.OBJ
D:\MATERIAL\APR\LIBR\COPY.OBJ
D:\material\apr\LibR\custombuild.command.1.tlog
D:\material\apr\LibR\custombuild.read.1.tlog
D:\material\apr\LibR\custombuild.write.1.tlog
D:\MATERIAL\APR\LIBR\DIR.OBJ
D:\MATERIAL\APR\LIBR\DSO.OBJ
D:\MATERIAL\APR\LIBR\ENV.OBJ
D:\MATERIAL\APR\LIBR\ERRORCODES.OBJ
D:\MATERIAL\APR\LIBR\FILEACC.OBJ
D:\MATERIAL\APR\LIBR\FILEDUP.OBJ
D:\MATERIAL\APR\LIBR\FILEPATH.OBJ
D:\MATERIAL\APR\LIBR\FILEPATH_UTIL.OBJ
D:\MATERIAL\APR\LIBR\FILESTAT.OBJ
D:\MATERIAL\APR\LIBR\FILESYS.OBJ
D:\MATERIAL\APR\LIBR\FLOCK.OBJ
D:\MATERIAL\APR\LIBR\FULLRW.OBJ
D:\MATERIAL\APR\LIBR\GETOPT.OBJ
D:\MATERIAL\APR\LIBR\GROUPINFO.OBJ
D:\MATERIAL\APR\LIBR\INET_NTOP.OBJ
D:\MATERIAL\APR\LIBR\INET_PTON.OBJ
D:\MATERIAL\APR\LIBR\INTERNAL.OBJ
D:\material\apr\LibR\lib.command.1.tlog
D:\material\apr\LibR\Lib-link.read.1.tlog
D:\material\apr\LibR\Lib-link.write.1.tlog
D:\MATERIAL\APR\LIBR\MISC.OBJ
D:\MATERIAL\APR\LIBR\MKTEMP.OBJ
D:\MATERIAL\APR\LIBR\MMAP.OBJ
D:\MATERIAL\APR\LIBR\MULTICAST.OBJ
D:\MATERIAL\APR\LIBR\OPEN.OBJ
D:\MATERIAL\APR\LIBR\OTHERCHILD.OBJ
D:\MATERIAL\APR\LIBR\PIPE.OBJ
D:\MATERIAL\APR\LIBR\PROC.OBJ
D:\MATERIAL\APR\LIBR\PROC_MUTEX.OBJ
D:\MATERIAL\APR\LIBR\RAND.OBJ
D:\MATERIAL\APR\LIBR\READWRITE.OBJ
D:\MATERIAL\APR\LIBR\SEEK.OBJ
D:\MATERIAL\APR\LIBR\SELECT.OBJ
D:\MATERIAL\APR\LIBR\SENDRECV.OBJ
D:\MATERIAL\APR\LIBR\SHA2.OBJ
D:\MATERIAL\APR\LIBR\SHA2_GLUE.OBJ
D:\MATERIAL\APR\LIBR\SHM.OBJ
D:\MATERIAL\APR\LIBR\SIGNALS.OBJ
D:\MATERIAL\APR\LIBR\SOCKADDR.OBJ
D:\MATERIAL\APR\LIBR\SOCKETS.OBJ
D:\MATERIAL\APR\LIBR\SOCKOPT.OBJ
D:\MATERIAL\APR\LIBR\START.OBJ
D:\MATERIAL\APR\LIBR\TEMPDIR.OBJ
D:\MATERIAL\APR\LIBR\THREAD.OBJ
D:\MATERIAL\APR\LIBR\THREAD_COND.OBJ
D:\MATERIAL\APR\LIBR\THREAD_MUTEX.OBJ
D:\MATERIAL\APR\LIBR\THREAD_RWLOCK.OBJ
D:\MATERIAL\APR\LIBR\THREADPRIV.OBJ
D:\MATERIAL\APR\LIBR\TIME.OBJ
D:\MATERIAL\APR\LIBR\TIMESTR.OBJ
D:\MATERIAL\APR\LIBR\USERINFO.OBJ
D:\MATERIAL\APR\LIBR\UTF8.OBJ
D:\MATERIAL\APR\LIBR\VERSION.OBJ
