Build started 2015/5/18 17:45:40.
     1>Project "D:\material\apr\apr.vcxproj" on node 3 (rebuild target(s)).
     1>_PrepareForClean:
         Deleting file ".\LibR\apr.lastbuildstate".
       InitializeBuildStatus:
         Creating ".\LibR\apr.unsuccessfulbuild" because "AlwaysCreate" was specified.
       CustomBuild:
         Creating apr.h from apr.hw
       ClCompile:
         C:\Program Files (x86)\Microsoft Visual Studio 10.0\VC\bin\CL.exe /c /I./include /I./include/arch /I./include/arch/win32 /I./include/arch/unix /Zi /nologo /W3 /WX- /Od /Ob1 /Oy- /D NDEBUG /D APR_DECLARE_STATIC /D WIN32 /D _WINDOWS /D _VC80_UPGRADE=0x0600 /D _MBCS /GF /Gm- /EHsc /MD /GS /Gy /fp:precise /Zc:wchar_t /Zc:forScope /Fo".\LibR\\" /Fd"LibR\apr_src" /Gd /TC /analyze- /errorReport:prompt atomic\win32\apr_atomic.c dso\win32\dso.c file_io\unix\copy.c file_io\win32\dir.c file_io\unix\fileacc.c file_io\win32\filedup.c file_io\win32\filepath.c file_io\unix\filepath_util.c file_io\win32\filestat.c file_io\win32\filesys.c file_io\win32\flock.c file_io\unix\fullrw.c file_io\unix\mktemp.c file_io\win32\open.c file_io\win32\pipe.c file_io\win32\readwrite.c file_io\win32\seek.c file_io\unix\tempdir.c locks\win32\proc_mutex.c locks\win32\thread_cond.c locks\win32\thread_mutex.c locks\win32\thread_rwlock.c memory\unix\apr_pools.c misc\win32\charset.c misc\win32\env.c misc\unix\errorcodes.c misc\unix\getopt.c misc\win32\internal.c misc\win32\misc.c misc\unix\otherchild.c misc\win32\rand.c misc\win32\start.c misc\win32\utf8.c misc\unix\version.c mmap\unix\common.c mmap\win32\mmap.c network_io\unix\inet_ntop.c network_io\unix\inet_pton.c poll\unix\select.c network_io\unix\multicast.c network_io\win32\sendrecv.c network_io\unix\sockaddr.c network_io\win32\sockets.c network_io\win32\sockopt.c passwd\apr_getpass.c random\unix\apr_random.c random\unix\sha2.c random\unix\sha2_glue.c shmem\win32\shm.c strings\apr_cpystrn.c strings\apr_fnmatch.c strings\apr_snprintf.c strings\apr_strings.c strings\apr_strnatcmp.c strings\apr_strtok.c tables\apr_hash.c tables\apr_tables.c threadproc\win32\proc.c threadproc\win32\signals.c threadproc\win32\thread.c threadproc\win32\threadpriv.c time\win32\access.c time\win32\time.c time\win32\timestr.c user\win32\groupinfo.c user\win32\userinfo.c
         apr_atomic.c
         dso.c
         copy.c
         dir.c
         fileacc.c
         filedup.c
         filepath.c
         filepath_util.c
         filestat.c
         filesys.c
         flock.c
         fullrw.c
         mktemp.c
         open.c
         pipe.c
         readwrite.c
         seek.c
         tempdir.c
         proc_mutex.c
         thread_cond.c
         Generating Code...
         Compiling...
         thread_mutex.c
         thread_rwlock.c
         apr_pools.c
         charset.c
         env.c
         errorcodes.c
         getopt.c
         internal.c
         misc.c
         otherchild.c
         rand.c
         start.c
         utf8.c
         version.c
         common.c
         mmap.c
         inet_ntop.c
         inet_pton.c
         select.c
         multicast.c
         Generating Code...
         Compiling...
         sendrecv.c
         sockaddr.c
         sockets.c
         sockopt.c
         apr_getpass.c
         apr_random.c
         sha2.c
         sha2_glue.c
         shm.c
         apr_cpystrn.c
         apr_fnmatch.c
         apr_snprintf.c
         apr_strings.c
         apr_strnatcmp.c
         apr_strtok.c
         apr_hash.c
         apr_tables.c
         proc.c
         signals.c
         thread.c
         Generating Code...
         Compiling...
         threadpriv.c
         access.c
         time.c
         timestr.c
         groupinfo.c
         userinfo.c
         Generating Code...
     1>C:\Program Files (x86)\MSBuild\Microsoft.Cpp\v4.0\Microsoft.CppBuild.targets(1151,5): warning MSB8012: TargetPath(D:\material\apr\.\LibR\apr.lib) does not match the Library's OutputFile property value (D:\material\apr\LibR\apr-1.lib). This may cause your project to build incorrectly. To correct this, please make sure that $(OutDir), $(TargetName) and $(TargetExt) property values match the value specified in %(Lib.OutputFile).
     1>C:\Program Files (x86)\MSBuild\Microsoft.Cpp\v4.0\Microsoft.CppBuild.targets(1153,5): warning MSB8012: TargetName(apr) does not match the Library's OutputFile property value (apr-1). This may cause your project to build incorrectly. To correct this, please make sure that $(OutDir), $(TargetName) and $(TargetExt) property values match the value specified in %(Lib.OutputFile).
       Lib:
         C:\Program Files (x86)\Microsoft Visual Studio 10.0\VC\bin\Lib.exe /OUT:"LibR\apr-1.lib" /NOLOGO .\LibR\apr_atomic.obj
         .\LibR\dso.obj
         .\LibR\copy.obj
         .\LibR\dir.obj
         .\LibR\fileacc.obj
         .\LibR\filedup.obj
         .\LibR\filepath.obj
         .\LibR\filepath_util.obj
         .\LibR\filestat.obj
         .\LibR\filesys.obj
         .\LibR\flock.obj
         .\LibR\fullrw.obj
         .\LibR\mktemp.obj
         .\LibR\open.obj
         .\LibR\pipe.obj
         .\LibR\readwrite.obj
         .\LibR\seek.obj
         .\LibR\tempdir.obj
         .\LibR\proc_mutex.obj
         .\LibR\thread_cond.obj
         .\LibR\thread_mutex.obj
         .\LibR\thread_rwlock.obj
         .\LibR\apr_pools.obj
         .\LibR\charset.obj
         .\LibR\env.obj
         .\LibR\errorcodes.obj
         .\LibR\getopt.obj
         .\LibR\internal.obj
         .\LibR\misc.obj
         .\LibR\otherchild.obj
         .\LibR\rand.obj
         .\LibR\start.obj
         .\LibR\utf8.obj
         .\LibR\version.obj
         .\LibR\common.obj
         .\LibR\mmap.obj
         .\LibR\inet_ntop.obj
         .\LibR\inet_pton.obj
         .\LibR\select.obj
         .\LibR\multicast.obj
         .\LibR\sendrecv.obj
         .\LibR\sockaddr.obj
         .\LibR\sockets.obj
         .\LibR\sockopt.obj
         .\LibR\apr_getpass.obj
         .\LibR\apr_random.obj
         .\LibR\sha2.obj
         .\LibR\sha2_glue.obj
         .\LibR\shm.obj
         .\LibR\apr_cpystrn.obj
         .\LibR\apr_fnmatch.obj
         .\LibR\apr_snprintf.obj
         .\LibR\apr_strings.obj
         .\LibR\apr_strnatcmp.obj
         .\LibR\apr_strtok.obj
         .\LibR\apr_hash.obj
         .\LibR\apr_tables.obj
         .\LibR\proc.obj
         .\LibR\signals.obj
         .\LibR\thread.obj
         .\LibR\threadpriv.obj
         .\LibR\access.obj
         .\LibR\time.obj
         .\LibR\timestr.obj
         .\LibR\groupinfo.obj
         .\LibR\userinfo.obj
         apr.vcxproj -> D:\material\apr\.\LibR\apr.lib
       FinalizeBuildStatus:
         Deleting file ".\LibR\apr.unsuccessfulbuild".
         Touching ".\LibR\apr.lastbuildstate".
     1>Done Building Project "D:\material\apr\apr.vcxproj" (rebuild target(s)).

Build succeeded.

Time Elapsed 00:00:09.09
