D:\material\apr-util\xml\expat\lib\.\LibR\xml.lib
D:\MATERIAL\APR-UTIL\XML\EXPAT\LIB\CONFIG.H
D:\MATERIAL\APR-UTIL\XML\EXPAT\LIB\EXPAT.H
D:\material\apr-util\xml\expat\lib\LibR\cl.command.1.tlog
D:\material\apr-util\xml\expat\lib\LibR\CL.read.1.tlog
D:\material\apr-util\xml\expat\lib\LibR\CL.write.1.tlog
D:\material\apr-util\xml\expat\lib\LibR\custombuild.command.1.tlog
D:\material\apr-util\xml\expat\lib\LibR\custombuild.read.1.tlog
D:\material\apr-util\xml\expat\lib\LibR\custombuild.write.1.tlog
D:\material\apr-util\xml\expat\lib\LibR\lib.command.1.tlog
D:\material\apr-util\xml\expat\lib\LibR\Lib-link.read.1.tlog
D:\material\apr-util\xml\expat\lib\LibR\Lib-link.write.1.tlog
D:\MATERIAL\APR-UTIL\XML\EXPAT\LIB\LIBR\XML.LIB
D:\material\apr-util\xml\expat\lib\LibR\xml.vcxprojResolveAssemblyReference.cache
D:\material\apr-util\xml\expat\lib\LibR\xml.write.1.tlog
D:\MATERIAL\APR-UTIL\XML\EXPAT\LIB\LIBR\XML_SRC
D:\material\apr-util\xml\expat\lib\LibR\xml_src.pdb
D:\MATERIAL\APR-UTIL\XML\EXPAT\LIB\LIBR\XMLPARSE.OBJ
D:\MATERIAL\APR-UTIL\XML\EXPAT\LIB\LIBR\XMLROLE.OBJ
D:\MATERIAL\APR-UTIL\XML\EXPAT\LIB\LIBR\XMLTOK.OBJ
