D:\MATERIAL\APACHE-LOG4CXX-0.10.0\PROJECTS\DEBUG\ACTION.OBJ
D:\MATERIAL\APACHE-LOG4CXX-0.10.0\PROJECTS\DEBUG\APPENDERATTACHABLEIMPL.OBJ
D:\MATERIAL\APACHE-LOG4CXX-0.10.0\PROJECTS\DEBUG\APPENDERSKELETON.OBJ
D:\MATERIAL\APACHE-LOG4CXX-0.10.0\PROJECTS\DEBUG\APRINITIALIZER.OBJ
D:\MATERIAL\APACHE-LOG4CXX-0.10.0\PROJECTS\DEBUG\ASYNCAPPENDER.OBJ
D:\MATERIAL\APACHE-LOG4CXX-0.10.0\PROJECTS\DEBUG\BASICCONFIGURATOR.OBJ
D:\MATERIAL\APACHE-LOG4CXX-0.10.0\PROJECTS\DEBUG\BUFFEREDWRITER.OBJ
D:\MATERIAL\APACHE-LOG4CXX-0.10.0\PROJECTS\DEBUG\BYTEARRAYINPUTSTREAM.OBJ
D:\MATERIAL\APACHE-LOG4CXX-0.10.0\PROJECTS\DEBUG\BYTEARRAYOUTPUTSTREAM.OBJ
D:\MATERIAL\APACHE-LOG4CXX-0.10.0\PROJECTS\DEBUG\BYTEBUFFER.OBJ
D:\MATERIAL\APACHE-LOG4CXX-0.10.0\PROJECTS\DEBUG\CACHEDDATEFORMAT.OBJ
D:\MATERIAL\APACHE-LOG4CXX-0.10.0\PROJECTS\DEBUG\CHARSETDECODER.OBJ
D:\MATERIAL\APACHE-LOG4CXX-0.10.0\PROJECTS\DEBUG\CHARSETENCODER.OBJ
D:\material\apache-log4cxx-0.10.0\projects\Debug\cl.command.1.tlog
D:\material\apache-log4cxx-0.10.0\projects\Debug\CL.read.1.tlog
D:\material\apache-log4cxx-0.10.0\projects\Debug\CL.write.1.tlog
D:\MATERIAL\APACHE-LOG4CXX-0.10.0\PROJECTS\DEBUG\CLASS.OBJ
D:\MATERIAL\APACHE-LOG4CXX-0.10.0\PROJECTS\DEBUG\CLASSNAMEPATTERNCONVERTER.OBJ
D:\MATERIAL\APACHE-LOG4CXX-0.10.0\PROJECTS\DEBUG\CLASSREGISTRATION.OBJ
D:\MATERIAL\APACHE-LOG4CXX-0.10.0\PROJECTS\DEBUG\CONDITION.OBJ
D:\MATERIAL\APACHE-LOG4CXX-0.10.0\PROJECTS\DEBUG\CONFIGURATOR.OBJ
D:\MATERIAL\APACHE-LOG4CXX-0.10.0\PROJECTS\DEBUG\CONSOLEAPPENDER.OBJ
D:\MATERIAL\APACHE-LOG4CXX-0.10.0\PROJECTS\DEBUG\CYCLICBUFFER.OBJ
D:\MATERIAL\APACHE-LOG4CXX-0.10.0\PROJECTS\DEBUG\DAILYROLLINGFILEAPPENDER.OBJ
D:\MATERIAL\APACHE-LOG4CXX-0.10.0\PROJECTS\DEBUG\DATAGRAMPACKET.OBJ
D:\MATERIAL\APACHE-LOG4CXX-0.10.0\PROJECTS\DEBUG\DATAGRAMSOCKET.OBJ
D:\MATERIAL\APACHE-LOG4CXX-0.10.0\PROJECTS\DEBUG\DATE.OBJ
D:\MATERIAL\APACHE-LOG4CXX-0.10.0\PROJECTS\DEBUG\DATEFORMAT.OBJ
D:\MATERIAL\APACHE-LOG4CXX-0.10.0\PROJECTS\DEBUG\DATELAYOUT.OBJ
D:\MATERIAL\APACHE-LOG4CXX-0.10.0\PROJECTS\DEBUG\DATEPATTERNCONVERTER.OBJ
D:\MATERIAL\APACHE-LOG4CXX-0.10.0\PROJECTS\DEBUG\DEFAULTCONFIGURATOR.OBJ
D:\MATERIAL\APACHE-LOG4CXX-0.10.0\PROJECTS\DEBUG\DEFAULTLOGGERFACTORY.OBJ
D:\MATERIAL\APACHE-LOG4CXX-0.10.0\PROJECTS\DEBUG\DEFAULTREPOSITORYSELECTOR.OBJ
D:\MATERIAL\APACHE-LOG4CXX-0.10.0\PROJECTS\DEBUG\DOMCONFIGURATOR.OBJ
D:\MATERIAL\APACHE-LOG4CXX-0.10.0\PROJECTS\DEBUG\EXCEPTION.OBJ
D:\MATERIAL\APACHE-LOG4CXX-0.10.0\PROJECTS\DEBUG\FALLBACKERRORHANDLER.OBJ
D:\MATERIAL\APACHE-LOG4CXX-0.10.0\PROJECTS\DEBUG\FILE.OBJ
D:\MATERIAL\APACHE-LOG4CXX-0.10.0\PROJECTS\DEBUG\FILEAPPENDER.OBJ
D:\MATERIAL\APACHE-LOG4CXX-0.10.0\PROJECTS\DEBUG\FILEDATEPATTERNCONVERTER.OBJ
D:\MATERIAL\APACHE-LOG4CXX-0.10.0\PROJECTS\DEBUG\FILEINPUTSTREAM.OBJ
D:\MATERIAL\APACHE-LOG4CXX-0.10.0\PROJECTS\DEBUG\FILELOCATIONPATTERNCONVERTER.OBJ
D:\MATERIAL\APACHE-LOG4CXX-0.10.0\PROJECTS\DEBUG\FILEOUTPUTSTREAM.OBJ
D:\MATERIAL\APACHE-LOG4CXX-0.10.0\PROJECTS\DEBUG\FILERENAMEACTION.OBJ
D:\MATERIAL\APACHE-LOG4CXX-0.10.0\PROJECTS\DEBUG\FILEWATCHDOG.OBJ
D:\MATERIAL\APACHE-LOG4CXX-0.10.0\PROJECTS\DEBUG\FILTER.OBJ
D:\MATERIAL\APACHE-LOG4CXX-0.10.0\PROJECTS\DEBUG\FILTERBASEDTRIGGERINGPOLICY.OBJ
D:\MATERIAL\APACHE-LOG4CXX-0.10.0\PROJECTS\DEBUG\FIXEDWINDOWROLLINGPOLICY.OBJ
D:\MATERIAL\APACHE-LOG4CXX-0.10.0\PROJECTS\DEBUG\FORMATTINGINFO.OBJ
D:\MATERIAL\APACHE-LOG4CXX-0.10.0\PROJECTS\DEBUG\FULLLOCATIONPATTERNCONVERTER.OBJ
D:\MATERIAL\APACHE-LOG4CXX-0.10.0\PROJECTS\DEBUG\GZCOMPRESSACTION.OBJ
D:\MATERIAL\APACHE-LOG4CXX-0.10.0\PROJECTS\DEBUG\HIERARCHY.OBJ
D:\MATERIAL\APACHE-LOG4CXX-0.10.0\PROJECTS\DEBUG\HTMLLAYOUT.OBJ
D:\MATERIAL\APACHE-LOG4CXX-0.10.0\PROJECTS\DEBUG\INETADDRESS.OBJ
D:\MATERIAL\APACHE-LOG4CXX-0.10.0\PROJECTS\DEBUG\INPUTSTREAM.OBJ
D:\MATERIAL\APACHE-LOG4CXX-0.10.0\PROJECTS\DEBUG\INPUTSTREAMREADER.OBJ
D:\MATERIAL\APACHE-LOG4CXX-0.10.0\PROJECTS\DEBUG\INTEGER.OBJ
D:\MATERIAL\APACHE-LOG4CXX-0.10.0\PROJECTS\DEBUG\INTEGERPATTERNCONVERTER.OBJ
D:\MATERIAL\APACHE-LOG4CXX-0.10.0\PROJECTS\DEBUG\LAYOUT.OBJ
D:\MATERIAL\APACHE-LOG4CXX-0.10.0\PROJECTS\DEBUG\LEVEL.OBJ
D:\MATERIAL\APACHE-LOG4CXX-0.10.0\PROJECTS\DEBUG\LEVELMATCHFILTER.OBJ
D:\MATERIAL\APACHE-LOG4CXX-0.10.0\PROJECTS\DEBUG\LEVELPATTERNCONVERTER.OBJ
D:\MATERIAL\APACHE-LOG4CXX-0.10.0\PROJECTS\DEBUG\LEVELRANGEFILTER.OBJ
D:\MATERIAL\APACHE-LOG4CXX-0.10.0\PROJECTS\DEBUG\LINELOCATIONPATTERNCONVERTER.OBJ
D:\MATERIAL\APACHE-LOG4CXX-0.10.0\PROJECTS\DEBUG\LINESEPARATORPATTERNCONVERTER.OBJ
D:\MATERIAL\APACHE-LOG4CXX-0.10.0\PROJECTS\DEBUG\LITERALPATTERNCONVERTER.OBJ
D:\MATERIAL\APACHE-LOG4CXX-0.10.0\PROJECTS\DEBUG\LOADER.OBJ
D:\MATERIAL\APACHE-LOG4CXX-0.10.0\PROJECTS\DEBUG\LOCALE.OBJ
D:\MATERIAL\APACHE-LOG4CXX-0.10.0\PROJECTS\DEBUG\LOCATIONINFO.OBJ
D:\material\apache-log4cxx-0.10.0\projects\Debug\log4cxx.vcxprojResolveAssemblyReference.cache
D:\material\apache-log4cxx-0.10.0\projects\Debug\log4cxx.write.1.tlog
D:\MATERIAL\APACHE-LOG4CXX-0.10.0\PROJECTS\DEBUG\LOGGER.OBJ
D:\MATERIAL\APACHE-LOG4CXX-0.10.0\PROJECTS\DEBUG\LOGGERPATTERNCONVERTER.OBJ
D:\MATERIAL\APACHE-LOG4CXX-0.10.0\PROJECTS\DEBUG\LOGGINGEVENT.OBJ
D:\MATERIAL\APACHE-LOG4CXX-0.10.0\PROJECTS\DEBUG\LOGGINGEVENTPATTERNCONVERTER.OBJ
D:\MATERIAL\APACHE-LOG4CXX-0.10.0\PROJECTS\DEBUG\LOGLOG.OBJ
D:\MATERIAL\APACHE-LOG4CXX-0.10.0\PROJECTS\DEBUG\LOGMANAGER.OBJ
D:\MATERIAL\APACHE-LOG4CXX-0.10.0\PROJECTS\DEBUG\LOGSTREAM.OBJ
D:\MATERIAL\APACHE-LOG4CXX-0.10.0\PROJECTS\DEBUG\MANUALTRIGGERINGPOLICY.OBJ
D:\MATERIAL\APACHE-LOG4CXX-0.10.0\PROJECTS\DEBUG\MDC.OBJ
D:\MATERIAL\APACHE-LOG4CXX-0.10.0\PROJECTS\DEBUG\MESSAGEBUFFER.OBJ
D:\MATERIAL\APACHE-LOG4CXX-0.10.0\PROJECTS\DEBUG\MESSAGEPATTERNCONVERTER.OBJ
D:\MATERIAL\APACHE-LOG4CXX-0.10.0\PROJECTS\DEBUG\METHODLOCATIONPATTERNCONVERTER.OBJ
D:\MATERIAL\APACHE-LOG4CXX-0.10.0\PROJECTS\DEBUG\MUTEX.OBJ
D:\MATERIAL\APACHE-LOG4CXX-0.10.0\PROJECTS\DEBUG\NAMEABBREVIATOR.OBJ
D:\MATERIAL\APACHE-LOG4CXX-0.10.0\PROJECTS\DEBUG\NAMEPATTERNCONVERTER.OBJ
D:\MATERIAL\APACHE-LOG4CXX-0.10.0\PROJECTS\DEBUG\NDC.OBJ
D:\MATERIAL\APACHE-LOG4CXX-0.10.0\PROJECTS\DEBUG\NDCPATTERNCONVERTER.OBJ
D:\MATERIAL\APACHE-LOG4CXX-0.10.0\PROJECTS\DEBUG\NTEVENTLOGAPPENDER.OBJ
D:\MATERIAL\APACHE-LOG4CXX-0.10.0\PROJECTS\DEBUG\OBJECTIMPL.OBJ
D:\MATERIAL\APACHE-LOG4CXX-0.10.0\PROJECTS\DEBUG\OBJECTOUTPUTSTREAM.OBJ
D:\MATERIAL\APACHE-LOG4CXX-0.10.0\PROJECTS\DEBUG\OBJECTPTR.OBJ
D:\MATERIAL\APACHE-LOG4CXX-0.10.0\PROJECTS\DEBUG\OBSOLETEROLLINGFILEAPPENDER.OBJ
D:\MATERIAL\APACHE-LOG4CXX-0.10.0\PROJECTS\DEBUG\ODBCAPPENDER.OBJ
D:\MATERIAL\APACHE-LOG4CXX-0.10.0\PROJECTS\DEBUG\ONLYONCEERRORHANDLER.OBJ
D:\MATERIAL\APACHE-LOG4CXX-0.10.0\PROJECTS\DEBUG\OPTIONCONVERTER.OBJ
D:\MATERIAL\APACHE-LOG4CXX-0.10.0\PROJECTS\DEBUG\OUTPUTDEBUGSTRINGAPPENDER.OBJ
D:\MATERIAL\APACHE-LOG4CXX-0.10.0\PROJECTS\DEBUG\OUTPUTSTREAM.OBJ
D:\MATERIAL\APACHE-LOG4CXX-0.10.0\PROJECTS\DEBUG\OUTPUTSTREAMWRITER.OBJ
D:\MATERIAL\APACHE-LOG4CXX-0.10.0\PROJECTS\DEBUG\PATTERNCONVERTER.OBJ
D:\MATERIAL\APACHE-LOG4CXX-0.10.0\PROJECTS\DEBUG\PATTERNLAYOUT.OBJ
D:\MATERIAL\APACHE-LOG4CXX-0.10.0\PROJECTS\DEBUG\PATTERNPARSER.OBJ
D:\MATERIAL\APACHE-LOG4CXX-0.10.0\PROJECTS\DEBUG\POOL.OBJ
D:\MATERIAL\APACHE-LOG4CXX-0.10.0\PROJECTS\DEBUG\PROPERTIES.OBJ
D:\MATERIAL\APACHE-LOG4CXX-0.10.0\PROJECTS\DEBUG\PROPERTIESPATTERNCONVERTER.OBJ
D:\MATERIAL\APACHE-LOG4CXX-0.10.0\PROJECTS\DEBUG\PROPERTYCONFIGURATOR.OBJ
D:\MATERIAL\APACHE-LOG4CXX-0.10.0\PROJECTS\DEBUG\PROPERTYRESOURCEBUNDLE.OBJ
D:\MATERIAL\APACHE-LOG4CXX-0.10.0\PROJECTS\DEBUG\PROPERTYSETTER.OBJ
D:\MATERIAL\APACHE-LOG4CXX-0.10.0\PROJECTS\DEBUG\READER.OBJ
D:\MATERIAL\APACHE-LOG4CXX-0.10.0\PROJECTS\DEBUG\RELATIVETIMEDATEFORMAT.OBJ
D:\MATERIAL\APACHE-LOG4CXX-0.10.0\PROJECTS\DEBUG\RELATIVETIMEPATTERNCONVERTER.OBJ
D:\MATERIAL\APACHE-LOG4CXX-0.10.0\PROJECTS\DEBUG\RESOURCEBUNDLE.OBJ
D:\MATERIAL\APACHE-LOG4CXX-0.10.0\PROJECTS\DEBUG\ROLLINGFILEAPPENDER.OBJ
D:\MATERIAL\APACHE-LOG4CXX-0.10.0\PROJECTS\DEBUG\ROLLINGPOLICY.OBJ
D:\MATERIAL\APACHE-LOG4CXX-0.10.0\PROJECTS\DEBUG\ROLLINGPOLICYBASE.OBJ
D:\MATERIAL\APACHE-LOG4CXX-0.10.0\PROJECTS\DEBUG\ROLLOVERDESCRIPTION.OBJ
D:\MATERIAL\APACHE-LOG4CXX-0.10.0\PROJECTS\DEBUG\ROOTLOGGER.OBJ
D:\MATERIAL\APACHE-LOG4CXX-0.10.0\PROJECTS\DEBUG\SERVERSOCKET.OBJ
D:\MATERIAL\APACHE-LOG4CXX-0.10.0\PROJECTS\DEBUG\SIMPLEDATEFORMAT.OBJ
D:\MATERIAL\APACHE-LOG4CXX-0.10.0\PROJECTS\DEBUG\SIMPLELAYOUT.OBJ
D:\MATERIAL\APACHE-LOG4CXX-0.10.0\PROJECTS\DEBUG\SIZEBASEDTRIGGERINGPOLICY.OBJ
D:\MATERIAL\APACHE-LOG4CXX-0.10.0\PROJECTS\DEBUG\SMTPAPPENDER.OBJ
D:\MATERIAL\APACHE-LOG4CXX-0.10.0\PROJECTS\DEBUG\SOCKET.OBJ
D:\MATERIAL\APACHE-LOG4CXX-0.10.0\PROJECTS\DEBUG\SOCKETAPPENDER.OBJ
D:\MATERIAL\APACHE-LOG4CXX-0.10.0\PROJECTS\DEBUG\SOCKETAPPENDERSKELETON.OBJ
D:\MATERIAL\APACHE-LOG4CXX-0.10.0\PROJECTS\DEBUG\SOCKETHUBAPPENDER.OBJ
D:\MATERIAL\APACHE-LOG4CXX-0.10.0\PROJECTS\DEBUG\SOCKETOUTPUTSTREAM.OBJ
D:\MATERIAL\APACHE-LOG4CXX-0.10.0\PROJECTS\DEBUG\STRFTIMEDATEFORMAT.OBJ
D:\MATERIAL\APACHE-LOG4CXX-0.10.0\PROJECTS\DEBUG\STRINGHELPER.OBJ
D:\MATERIAL\APACHE-LOG4CXX-0.10.0\PROJECTS\DEBUG\STRINGMATCHFILTER.OBJ
D:\MATERIAL\APACHE-LOG4CXX-0.10.0\PROJECTS\DEBUG\STRINGTOKENIZER.OBJ
D:\MATERIAL\APACHE-LOG4CXX-0.10.0\PROJECTS\DEBUG\SYNCHRONIZED.OBJ
D:\MATERIAL\APACHE-LOG4CXX-0.10.0\PROJECTS\DEBUG\SYSLOGAPPENDER.OBJ
D:\MATERIAL\APACHE-LOG4CXX-0.10.0\PROJECTS\DEBUG\SYSLOGWRITER.OBJ
D:\MATERIAL\APACHE-LOG4CXX-0.10.0\PROJECTS\DEBUG\SYSTEM.OBJ
D:\MATERIAL\APACHE-LOG4CXX-0.10.0\PROJECTS\DEBUG\SYSTEMERRWRITER.OBJ
D:\MATERIAL\APACHE-LOG4CXX-0.10.0\PROJECTS\DEBUG\SYSTEMOUTWRITER.OBJ
D:\MATERIAL\APACHE-LOG4CXX-0.10.0\PROJECTS\DEBUG\THREADCXX.OBJ
D:\MATERIAL\APACHE-LOG4CXX-0.10.0\PROJECTS\DEBUG\THREADLOCAL.OBJ
D:\MATERIAL\APACHE-LOG4CXX-0.10.0\PROJECTS\DEBUG\THREADPATTERNCONVERTER.OBJ
D:\MATERIAL\APACHE-LOG4CXX-0.10.0\PROJECTS\DEBUG\THREADSPECIFICDATA.OBJ
D:\MATERIAL\APACHE-LOG4CXX-0.10.0\PROJECTS\DEBUG\THROWABLEINFORMATIONPATTERNCONVERTER.OBJ
D:\MATERIAL\APACHE-LOG4CXX-0.10.0\PROJECTS\DEBUG\TIMEBASEDROLLINGPOLICY.OBJ
D:\MATERIAL\APACHE-LOG4CXX-0.10.0\PROJECTS\DEBUG\TIMEZONE.OBJ
D:\MATERIAL\APACHE-LOG4CXX-0.10.0\PROJECTS\DEBUG\TRANSCODER.OBJ
D:\MATERIAL\APACHE-LOG4CXX-0.10.0\PROJECTS\DEBUG\TRANSFORM.OBJ
D:\MATERIAL\APACHE-LOG4CXX-0.10.0\PROJECTS\DEBUG\TRIGGERINGPOLICY.OBJ
D:\MATERIAL\APACHE-LOG4CXX-0.10.0\PROJECTS\DEBUG\TTCCLAYOUT.OBJ
D:\material\apache-log4cxx-0.10.0\projects\Debug\vc100.pdb
D:\MATERIAL\APACHE-LOG4CXX-0.10.0\PROJECTS\DEBUG\WRITER.OBJ
D:\MATERIAL\APACHE-LOG4CXX-0.10.0\PROJECTS\DEBUG\WRITERAPPENDER.OBJ
D:\MATERIAL\APACHE-LOG4CXX-0.10.0\PROJECTS\DEBUG\XMLLAYOUT.OBJ
D:\MATERIAL\APACHE-LOG4CXX-0.10.0\PROJECTS\DEBUG\XMLSOCKETAPPENDER.OBJ
D:\MATERIAL\APACHE-LOG4CXX-0.10.0\PROJECTS\DEBUG\ZIPCOMPRESSACTION.OBJ
