D:\MATERIAL\APR\INCLUDE\APR.H
D:\MATERIAL\APR\LIBD\ACCESS.OBJ
D:\material\apr\LibD\apr.vcxprojResolveAssemblyReference.cache
D:\material\apr\LibD\apr.write.1.tlog
D:\MATERIAL\APR\LIBD\APR_ATOMIC.OBJ
D:\MATERIAL\APR\LIBD\APR_CPYSTRN.OBJ
D:\MATERIAL\APR\LIBD\APR_FNMATCH.OBJ
D:\MATERIAL\APR\LIBD\APR_GETPASS.OBJ
D:\MATERIAL\APR\LIBD\APR_HASH.OBJ
D:\MATERIAL\APR\LIBD\APR_POOLS.OBJ
D:\MATERIAL\APR\LIBD\APR_RANDOM.OBJ
D:\MATERIAL\APR\LIBD\APR_SNPRINTF.OBJ
D:\MATERIAL\APR\LIBD\APR_SRC
D:\material\apr\LibD\apr_src.pdb
D:\MATERIAL\APR\LIBD\APR_STRINGS.OBJ
D:\MATERIAL\APR\LIBD\APR_STRNATCMP.OBJ
D:\MATERIAL\APR\LIBD\APR_STRTOK.OBJ
D:\MATERIAL\APR\LIBD\APR_TABLES.OBJ
D:\MATERIAL\APR\LIBD\APR-1.LIB
D:\MATERIAL\APR\LIBD\CHARSET.OBJ
D:\material\apr\LibD\cl.command.1.tlog
D:\material\apr\LibD\CL.read.1.tlog
D:\material\apr\LibD\CL.write.1.tlog
D:\MATERIAL\APR\LIBD\COMMON.OBJ
D:\MATERIAL\APR\LIBD\COPY.OBJ
D:\material\apr\LibD\custombuild.command.1.tlog
D:\material\apr\LibD\custombuild.read.1.tlog
D:\material\apr\LibD\custombuild.write.1.tlog
D:\MATERIAL\APR\LIBD\DIR.OBJ
D:\MATERIAL\APR\LIBD\DSO.OBJ
D:\MATERIAL\APR\LIBD\ENV.OBJ
D:\MATERIAL\APR\LIBD\ERRORCODES.OBJ
D:\MATERIAL\APR\LIBD\FILEACC.OBJ
D:\MATERIAL\APR\LIBD\FILEDUP.OBJ
D:\MATERIAL\APR\LIBD\FILEPATH.OBJ
D:\MATERIAL\APR\LIBD\FILEPATH_UTIL.OBJ
D:\MATERIAL\APR\LIBD\FILESTAT.OBJ
D:\MATERIAL\APR\LIBD\FILESYS.OBJ
D:\MATERIAL\APR\LIBD\FLOCK.OBJ
D:\MATERIAL\APR\LIBD\FULLRW.OBJ
D:\MATERIAL\APR\LIBD\GETOPT.OBJ
D:\MATERIAL\APR\LIBD\GROUPINFO.OBJ
D:\MATERIAL\APR\LIBD\INET_NTOP.OBJ
D:\MATERIAL\APR\LIBD\INET_PTON.OBJ
D:\MATERIAL\APR\LIBD\INTERNAL.OBJ
D:\material\apr\LibD\lib.command.1.tlog
D:\material\apr\LibD\Lib-link.read.1.tlog
D:\material\apr\LibD\Lib-link.write.1.tlog
D:\MATERIAL\APR\LIBD\MISC.OBJ
D:\MATERIAL\APR\LIBD\MKTEMP.OBJ
D:\MATERIAL\APR\LIBD\MMAP.OBJ
D:\MATERIAL\APR\LIBD\MULTICAST.OBJ
D:\MATERIAL\APR\LIBD\OPEN.OBJ
D:\MATERIAL\APR\LIBD\OTHERCHILD.OBJ
D:\MATERIAL\APR\LIBD\PIPE.OBJ
D:\MATERIAL\APR\LIBD\PROC.OBJ
D:\MATERIAL\APR\LIBD\PROC_MUTEX.OBJ
D:\MATERIAL\APR\LIBD\RAND.OBJ
D:\MATERIAL\APR\LIBD\READWRITE.OBJ
D:\MATERIAL\APR\LIBD\SEEK.OBJ
D:\MATERIAL\APR\LIBD\SELECT.OBJ
D:\MATERIAL\APR\LIBD\SENDRECV.OBJ
D:\MATERIAL\APR\LIBD\SHA2.OBJ
D:\MATERIAL\APR\LIBD\SHA2_GLUE.OBJ
D:\MATERIAL\APR\LIBD\SHM.OBJ
D:\MATERIAL\APR\LIBD\SIGNALS.OBJ
D:\MATERIAL\APR\LIBD\SOCKADDR.OBJ
D:\MATERIAL\APR\LIBD\SOCKETS.OBJ
D:\MATERIAL\APR\LIBD\SOCKOPT.OBJ
D:\MATERIAL\APR\LIBD\START.OBJ
D:\MATERIAL\APR\LIBD\TEMPDIR.OBJ
D:\MATERIAL\APR\LIBD\THREAD.OBJ
D:\MATERIAL\APR\LIBD\THREAD_COND.OBJ
D:\MATERIAL\APR\LIBD\THREAD_MUTEX.OBJ
D:\MATERIAL\APR\LIBD\THREAD_RWLOCK.OBJ
D:\MATERIAL\APR\LIBD\THREADPRIV.OBJ
D:\MATERIAL\APR\LIBD\TIME.OBJ
D:\MATERIAL\APR\LIBD\TIMESTR.OBJ
D:\MATERIAL\APR\LIBD\USERINFO.OBJ
D:\MATERIAL\APR\LIBD\UTF8.OBJ
D:\MATERIAL\APR\LIBD\VERSION.OBJ
