D:\material\apache-log4cxx-0.10.0\projects\.\Release\log4cxx.dll
D:\material\apache-log4cxx-0.10.0\projects\.\Release\log4cxx.dll.intermediate.manifest
D:\MATERIAL\APACHE-LOG4CXX-0.10.0\PROJECTS\RELEASE\ACTION.OBJ
D:\MATERIAL\APACHE-LOG4CXX-0.10.0\PROJECTS\RELEASE\APPENDERATTACHABLEIMPL.OBJ
D:\MATERIAL\APACHE-LOG4CXX-0.10.0\PROJECTS\RELEASE\APPENDERSKELETON.OBJ
D:\MATERIAL\APACHE-LOG4CXX-0.10.0\PROJECTS\RELEASE\APRINITIALIZER.OBJ
D:\MATERIAL\APACHE-LOG4CXX-0.10.0\PROJECTS\RELEASE\ASYNCAPPENDER.OBJ
D:\MATERIAL\APACHE-LOG4CXX-0.10.0\PROJECTS\RELEASE\BASICCONFIGURATOR.OBJ
D:\MATERIAL\APACHE-LOG4CXX-0.10.0\PROJECTS\RELEASE\BUFFEREDWRITER.OBJ
D:\MATERIAL\APACHE-LOG4CXX-0.10.0\PROJECTS\RELEASE\BYTEARRAYINPUTSTREAM.OBJ
D:\MATERIAL\APACHE-LOG4CXX-0.10.0\PROJECTS\RELEASE\BYTEARRAYOUTPUTSTREAM.OBJ
D:\MATERIAL\APACHE-LOG4CXX-0.10.0\PROJECTS\RELEASE\BYTEBUFFER.OBJ
D:\MATERIAL\APACHE-LOG4CXX-0.10.0\PROJECTS\RELEASE\CACHEDDATEFORMAT.OBJ
D:\MATERIAL\APACHE-LOG4CXX-0.10.0\PROJECTS\RELEASE\CHARSETDECODER.OBJ
D:\MATERIAL\APACHE-LOG4CXX-0.10.0\PROJECTS\RELEASE\CHARSETENCODER.OBJ
D:\material\apache-log4cxx-0.10.0\projects\Release\cl.command.1.tlog
D:\material\apache-log4cxx-0.10.0\projects\Release\CL.read.1.tlog
D:\material\apache-log4cxx-0.10.0\projects\Release\CL.write.1.tlog
D:\MATERIAL\APACHE-LOG4CXX-0.10.0\PROJECTS\RELEASE\CLASS.OBJ
D:\MATERIAL\APACHE-LOG4CXX-0.10.0\PROJECTS\RELEASE\CLASSNAMEPATTERNCONVERTER.OBJ
D:\MATERIAL\APACHE-LOG4CXX-0.10.0\PROJECTS\RELEASE\CLASSREGISTRATION.OBJ
D:\MATERIAL\APACHE-LOG4CXX-0.10.0\PROJECTS\RELEASE\CONDITION.OBJ
D:\MATERIAL\APACHE-LOG4CXX-0.10.0\PROJECTS\RELEASE\CONFIGURATOR.OBJ
D:\MATERIAL\APACHE-LOG4CXX-0.10.0\PROJECTS\RELEASE\CONSOLEAPPENDER.OBJ
D:\MATERIAL\APACHE-LOG4CXX-0.10.0\PROJECTS\RELEASE\CYCLICBUFFER.OBJ
D:\MATERIAL\APACHE-LOG4CXX-0.10.0\PROJECTS\RELEASE\DAILYROLLINGFILEAPPENDER.OBJ
D:\MATERIAL\APACHE-LOG4CXX-0.10.0\PROJECTS\RELEASE\DATAGRAMPACKET.OBJ
D:\MATERIAL\APACHE-LOG4CXX-0.10.0\PROJECTS\RELEASE\DATAGRAMSOCKET.OBJ
D:\MATERIAL\APACHE-LOG4CXX-0.10.0\PROJECTS\RELEASE\DATE.OBJ
D:\MATERIAL\APACHE-LOG4CXX-0.10.0\PROJECTS\RELEASE\DATEFORMAT.OBJ
D:\MATERIAL\APACHE-LOG4CXX-0.10.0\PROJECTS\RELEASE\DATELAYOUT.OBJ
D:\MATERIAL\APACHE-LOG4CXX-0.10.0\PROJECTS\RELEASE\DATEPATTERNCONVERTER.OBJ
D:\MATERIAL\APACHE-LOG4CXX-0.10.0\PROJECTS\RELEASE\DEFAULTCONFIGURATOR.OBJ
D:\MATERIAL\APACHE-LOG4CXX-0.10.0\PROJECTS\RELEASE\DEFAULTLOGGERFACTORY.OBJ
D:\MATERIAL\APACHE-LOG4CXX-0.10.0\PROJECTS\RELEASE\DEFAULTREPOSITORYSELECTOR.OBJ
D:\MATERIAL\APACHE-LOG4CXX-0.10.0\PROJECTS\RELEASE\DOMCONFIGURATOR.OBJ
D:\MATERIAL\APACHE-LOG4CXX-0.10.0\PROJECTS\RELEASE\EXCEPTION.OBJ
D:\MATERIAL\APACHE-LOG4CXX-0.10.0\PROJECTS\RELEASE\FALLBACKERRORHANDLER.OBJ
D:\MATERIAL\APACHE-LOG4CXX-0.10.0\PROJECTS\RELEASE\FILE.OBJ
D:\MATERIAL\APACHE-LOG4CXX-0.10.0\PROJECTS\RELEASE\FILEAPPENDER.OBJ
D:\MATERIAL\APACHE-LOG4CXX-0.10.0\PROJECTS\RELEASE\FILEDATEPATTERNCONVERTER.OBJ
D:\MATERIAL\APACHE-LOG4CXX-0.10.0\PROJECTS\RELEASE\FILEINPUTSTREAM.OBJ
D:\MATERIAL\APACHE-LOG4CXX-0.10.0\PROJECTS\RELEASE\FILELOCATIONPATTERNCONVERTER.OBJ
D:\MATERIAL\APACHE-LOG4CXX-0.10.0\PROJECTS\RELEASE\FILEOUTPUTSTREAM.OBJ
D:\MATERIAL\APACHE-LOG4CXX-0.10.0\PROJECTS\RELEASE\FILERENAMEACTION.OBJ
D:\MATERIAL\APACHE-LOG4CXX-0.10.0\PROJECTS\RELEASE\FILEWATCHDOG.OBJ
D:\MATERIAL\APACHE-LOG4CXX-0.10.0\PROJECTS\RELEASE\FILTER.OBJ
D:\MATERIAL\APACHE-LOG4CXX-0.10.0\PROJECTS\RELEASE\FILTERBASEDTRIGGERINGPOLICY.OBJ
D:\MATERIAL\APACHE-LOG4CXX-0.10.0\PROJECTS\RELEASE\FIXEDWINDOWROLLINGPOLICY.OBJ
D:\MATERIAL\APACHE-LOG4CXX-0.10.0\PROJECTS\RELEASE\FORMATTINGINFO.OBJ
D:\MATERIAL\APACHE-LOG4CXX-0.10.0\PROJECTS\RELEASE\FULLLOCATIONPATTERNCONVERTER.OBJ
D:\MATERIAL\APACHE-LOG4CXX-0.10.0\PROJECTS\RELEASE\GZCOMPRESSACTION.OBJ
D:\MATERIAL\APACHE-LOG4CXX-0.10.0\PROJECTS\RELEASE\HIERARCHY.OBJ
D:\MATERIAL\APACHE-LOG4CXX-0.10.0\PROJECTS\RELEASE\HTMLLAYOUT.OBJ
D:\MATERIAL\APACHE-LOG4CXX-0.10.0\PROJECTS\RELEASE\INETADDRESS.OBJ
D:\MATERIAL\APACHE-LOG4CXX-0.10.0\PROJECTS\RELEASE\INPUTSTREAM.OBJ
D:\MATERIAL\APACHE-LOG4CXX-0.10.0\PROJECTS\RELEASE\INPUTSTREAMREADER.OBJ
D:\MATERIAL\APACHE-LOG4CXX-0.10.0\PROJECTS\RELEASE\INTEGER.OBJ
D:\MATERIAL\APACHE-LOG4CXX-0.10.0\PROJECTS\RELEASE\INTEGERPATTERNCONVERTER.OBJ
D:\MATERIAL\APACHE-LOG4CXX-0.10.0\PROJECTS\RELEASE\LAYOUT.OBJ
D:\MATERIAL\APACHE-LOG4CXX-0.10.0\PROJECTS\RELEASE\LEVEL.OBJ
D:\MATERIAL\APACHE-LOG4CXX-0.10.0\PROJECTS\RELEASE\LEVELMATCHFILTER.OBJ
D:\MATERIAL\APACHE-LOG4CXX-0.10.0\PROJECTS\RELEASE\LEVELPATTERNCONVERTER.OBJ
D:\MATERIAL\APACHE-LOG4CXX-0.10.0\PROJECTS\RELEASE\LEVELRANGEFILTER.OBJ
D:\MATERIAL\APACHE-LOG4CXX-0.10.0\PROJECTS\RELEASE\LINELOCATIONPATTERNCONVERTER.OBJ
D:\MATERIAL\APACHE-LOG4CXX-0.10.0\PROJECTS\RELEASE\LINESEPARATORPATTERNCONVERTER.OBJ
D:\material\apache-log4cxx-0.10.0\projects\Release\link.command.1.tlog
D:\material\apache-log4cxx-0.10.0\projects\Release\link.read.1.tlog
D:\material\apache-log4cxx-0.10.0\projects\Release\link.write.1.tlog
D:\material\apache-log4cxx-0.10.0\projects\Release\link-cvtres.read.1.tlog
D:\material\apache-log4cxx-0.10.0\projects\Release\link-cvtres.write.1.tlog
D:\MATERIAL\APACHE-LOG4CXX-0.10.0\PROJECTS\RELEASE\LITERALPATTERNCONVERTER.OBJ
D:\MATERIAL\APACHE-LOG4CXX-0.10.0\PROJECTS\RELEASE\LOADER.OBJ
D:\MATERIAL\APACHE-LOG4CXX-0.10.0\PROJECTS\RELEASE\LOCALE.OBJ
D:\MATERIAL\APACHE-LOG4CXX-0.10.0\PROJECTS\RELEASE\LOCATIONINFO.OBJ
D:\MATERIAL\APACHE-LOG4CXX-0.10.0\PROJECTS\RELEASE\LOG4CXX.DLL
D:\MATERIAL\APACHE-LOG4CXX-0.10.0\PROJECTS\RELEASE\LOG4CXX.DLL.INTERMEDIATE.MANIFEST
D:\material\apache-log4cxx-0.10.0\projects\Release\log4cxx.exp
D:\material\apache-log4cxx-0.10.0\projects\Release\log4cxx.lib
D:\MATERIAL\APACHE-LOG4CXX-0.10.0\PROJECTS\RELEASE\LOG4CXX.RES
D:\material\apache-log4cxx-0.10.0\projects\Release\log4cxx.vcxprojResolveAssemblyReference.cache
D:\material\apache-log4cxx-0.10.0\projects\Release\log4cxx.write.1.tlog
D:\MATERIAL\APACHE-LOG4CXX-0.10.0\PROJECTS\RELEASE\LOGGER.OBJ
D:\MATERIAL\APACHE-LOG4CXX-0.10.0\PROJECTS\RELEASE\LOGGERPATTERNCONVERTER.OBJ
D:\MATERIAL\APACHE-LOG4CXX-0.10.0\PROJECTS\RELEASE\LOGGINGEVENT.OBJ
D:\MATERIAL\APACHE-LOG4CXX-0.10.0\PROJECTS\RELEASE\LOGGINGEVENTPATTERNCONVERTER.OBJ
D:\MATERIAL\APACHE-LOG4CXX-0.10.0\PROJECTS\RELEASE\LOGLOG.OBJ
D:\MATERIAL\APACHE-LOG4CXX-0.10.0\PROJECTS\RELEASE\LOGMANAGER.OBJ
D:\MATERIAL\APACHE-LOG4CXX-0.10.0\PROJECTS\RELEASE\LOGSTREAM.OBJ
D:\MATERIAL\APACHE-LOG4CXX-0.10.0\PROJECTS\RELEASE\MANUALTRIGGERINGPOLICY.OBJ
D:\MATERIAL\APACHE-LOG4CXX-0.10.0\PROJECTS\RELEASE\MDC.OBJ
D:\MATERIAL\APACHE-LOG4CXX-0.10.0\PROJECTS\RELEASE\MESSAGEBUFFER.OBJ
D:\MATERIAL\APACHE-LOG4CXX-0.10.0\PROJECTS\RELEASE\MESSAGEPATTERNCONVERTER.OBJ
D:\MATERIAL\APACHE-LOG4CXX-0.10.0\PROJECTS\RELEASE\METHODLOCATIONPATTERNCONVERTER.OBJ
D:\material\apache-log4cxx-0.10.0\projects\Release\mt.command.1.tlog
D:\material\apache-log4cxx-0.10.0\projects\Release\mt.read.1.tlog
D:\material\apache-log4cxx-0.10.0\projects\Release\mt.write.1.tlog
D:\MATERIAL\APACHE-LOG4CXX-0.10.0\PROJECTS\RELEASE\MUTEX.OBJ
D:\MATERIAL\APACHE-LOG4CXX-0.10.0\PROJECTS\RELEASE\NAMEABBREVIATOR.OBJ
D:\MATERIAL\APACHE-LOG4CXX-0.10.0\PROJECTS\RELEASE\NAMEPATTERNCONVERTER.OBJ
D:\MATERIAL\APACHE-LOG4CXX-0.10.0\PROJECTS\RELEASE\NDC.OBJ
D:\MATERIAL\APACHE-LOG4CXX-0.10.0\PROJECTS\RELEASE\NDCPATTERNCONVERTER.OBJ
D:\MATERIAL\APACHE-LOG4CXX-0.10.0\PROJECTS\RELEASE\NTEVENTLOGAPPENDER.OBJ
D:\MATERIAL\APACHE-LOG4CXX-0.10.0\PROJECTS\RELEASE\OBJECTIMPL.OBJ
D:\MATERIAL\APACHE-LOG4CXX-0.10.0\PROJECTS\RELEASE\OBJECTOUTPUTSTREAM.OBJ
D:\MATERIAL\APACHE-LOG4CXX-0.10.0\PROJECTS\RELEASE\OBJECTPTR.OBJ
D:\MATERIAL\APACHE-LOG4CXX-0.10.0\PROJECTS\RELEASE\OBSOLETEROLLINGFILEAPPENDER.OBJ
D:\MATERIAL\APACHE-LOG4CXX-0.10.0\PROJECTS\RELEASE\ODBCAPPENDER.OBJ
D:\MATERIAL\APACHE-LOG4CXX-0.10.0\PROJECTS\RELEASE\ONLYONCEERRORHANDLER.OBJ
D:\MATERIAL\APACHE-LOG4CXX-0.10.0\PROJECTS\RELEASE\OPTIONCONVERTER.OBJ
D:\MATERIAL\APACHE-LOG4CXX-0.10.0\PROJECTS\RELEASE\OUTPUTDEBUGSTRINGAPPENDER.OBJ
D:\MATERIAL\APACHE-LOG4CXX-0.10.0\PROJECTS\RELEASE\OUTPUTSTREAM.OBJ
D:\MATERIAL\APACHE-LOG4CXX-0.10.0\PROJECTS\RELEASE\OUTPUTSTREAMWRITER.OBJ
D:\MATERIAL\APACHE-LOG4CXX-0.10.0\PROJECTS\RELEASE\PATTERNCONVERTER.OBJ
D:\MATERIAL\APACHE-LOG4CXX-0.10.0\PROJECTS\RELEASE\PATTERNLAYOUT.OBJ
D:\MATERIAL\APACHE-LOG4CXX-0.10.0\PROJECTS\RELEASE\PATTERNPARSER.OBJ
D:\MATERIAL\APACHE-LOG4CXX-0.10.0\PROJECTS\RELEASE\POOL.OBJ
D:\MATERIAL\APACHE-LOG4CXX-0.10.0\PROJECTS\RELEASE\PROPERTIES.OBJ
D:\MATERIAL\APACHE-LOG4CXX-0.10.0\PROJECTS\RELEASE\PROPERTIESPATTERNCONVERTER.OBJ
D:\MATERIAL\APACHE-LOG4CXX-0.10.0\PROJECTS\RELEASE\PROPERTYCONFIGURATOR.OBJ
D:\MATERIAL\APACHE-LOG4CXX-0.10.0\PROJECTS\RELEASE\PROPERTYRESOURCEBUNDLE.OBJ
D:\MATERIAL\APACHE-LOG4CXX-0.10.0\PROJECTS\RELEASE\PROPERTYSETTER.OBJ
D:\material\apache-log4cxx-0.10.0\projects\Release\rc.command.1.tlog
D:\material\apache-log4cxx-0.10.0\projects\Release\rc.read.1.tlog
D:\material\apache-log4cxx-0.10.0\projects\Release\rc.write.1.tlog
D:\MATERIAL\APACHE-LOG4CXX-0.10.0\PROJECTS\RELEASE\READER.OBJ
D:\MATERIAL\APACHE-LOG4CXX-0.10.0\PROJECTS\RELEASE\RELATIVETIMEDATEFORMAT.OBJ
D:\MATERIAL\APACHE-LOG4CXX-0.10.0\PROJECTS\RELEASE\RELATIVETIMEPATTERNCONVERTER.OBJ
D:\MATERIAL\APACHE-LOG4CXX-0.10.0\PROJECTS\RELEASE\RESOURCEBUNDLE.OBJ
D:\MATERIAL\APACHE-LOG4CXX-0.10.0\PROJECTS\RELEASE\ROLLINGFILEAPPENDER.OBJ
D:\MATERIAL\APACHE-LOG4CXX-0.10.0\PROJECTS\RELEASE\ROLLINGPOLICY.OBJ
D:\MATERIAL\APACHE-LOG4CXX-0.10.0\PROJECTS\RELEASE\ROLLINGPOLICYBASE.OBJ
D:\MATERIAL\APACHE-LOG4CXX-0.10.0\PROJECTS\RELEASE\ROLLOVERDESCRIPTION.OBJ
D:\MATERIAL\APACHE-LOG4CXX-0.10.0\PROJECTS\RELEASE\ROOTLOGGER.OBJ
D:\MATERIAL\APACHE-LOG4CXX-0.10.0\PROJECTS\RELEASE\SERVERSOCKET.OBJ
D:\MATERIAL\APACHE-LOG4CXX-0.10.0\PROJECTS\RELEASE\SIMPLEDATEFORMAT.OBJ
D:\MATERIAL\APACHE-LOG4CXX-0.10.0\PROJECTS\RELEASE\SIMPLELAYOUT.OBJ
D:\MATERIAL\APACHE-LOG4CXX-0.10.0\PROJECTS\RELEASE\SIZEBASEDTRIGGERINGPOLICY.OBJ
D:\MATERIAL\APACHE-LOG4CXX-0.10.0\PROJECTS\RELEASE\SMTPAPPENDER.OBJ
D:\MATERIAL\APACHE-LOG4CXX-0.10.0\PROJECTS\RELEASE\SOCKET.OBJ
D:\MATERIAL\APACHE-LOG4CXX-0.10.0\PROJECTS\RELEASE\SOCKETAPPENDER.OBJ
D:\MATERIAL\APACHE-LOG4CXX-0.10.0\PROJECTS\RELEASE\SOCKETAPPENDERSKELETON.OBJ
D:\MATERIAL\APACHE-LOG4CXX-0.10.0\PROJECTS\RELEASE\SOCKETHUBAPPENDER.OBJ
D:\MATERIAL\APACHE-LOG4CXX-0.10.0\PROJECTS\RELEASE\SOCKETOUTPUTSTREAM.OBJ
D:\MATERIAL\APACHE-LOG4CXX-0.10.0\PROJECTS\RELEASE\STRFTIMEDATEFORMAT.OBJ
D:\MATERIAL\APACHE-LOG4CXX-0.10.0\PROJECTS\RELEASE\STRINGHELPER.OBJ
D:\MATERIAL\APACHE-LOG4CXX-0.10.0\PROJECTS\RELEASE\STRINGMATCHFILTER.OBJ
D:\MATERIAL\APACHE-LOG4CXX-0.10.0\PROJECTS\RELEASE\STRINGTOKENIZER.OBJ
D:\MATERIAL\APACHE-LOG4CXX-0.10.0\PROJECTS\RELEASE\SYNCHRONIZED.OBJ
D:\MATERIAL\APACHE-LOG4CXX-0.10.0\PROJECTS\RELEASE\SYSLOGAPPENDER.OBJ
D:\MATERIAL\APACHE-LOG4CXX-0.10.0\PROJECTS\RELEASE\SYSLOGWRITER.OBJ
D:\MATERIAL\APACHE-LOG4CXX-0.10.0\PROJECTS\RELEASE\SYSTEM.OBJ
D:\MATERIAL\APACHE-LOG4CXX-0.10.0\PROJECTS\RELEASE\SYSTEMERRWRITER.OBJ
D:\MATERIAL\APACHE-LOG4CXX-0.10.0\PROJECTS\RELEASE\SYSTEMOUTWRITER.OBJ
D:\MATERIAL\APACHE-LOG4CXX-0.10.0\PROJECTS\RELEASE\TELNETAPPENDER.OBJ
D:\MATERIAL\APACHE-LOG4CXX-0.10.0\PROJECTS\RELEASE\THREADCXX.OBJ
D:\MATERIAL\APACHE-LOG4CXX-0.10.0\PROJECTS\RELEASE\THREADLOCAL.OBJ
D:\MATERIAL\APACHE-LOG4CXX-0.10.0\PROJECTS\RELEASE\THREADPATTERNCONVERTER.OBJ
D:\MATERIAL\APACHE-LOG4CXX-0.10.0\PROJECTS\RELEASE\THREADSPECIFICDATA.OBJ
D:\MATERIAL\APACHE-LOG4CXX-0.10.0\PROJECTS\RELEASE\THROWABLEINFORMATIONPATTERNCONVERTER.OBJ
D:\MATERIAL\APACHE-LOG4CXX-0.10.0\PROJECTS\RELEASE\TIMEBASEDROLLINGPOLICY.OBJ
D:\MATERIAL\APACHE-LOG4CXX-0.10.0\PROJECTS\RELEASE\TIMEZONE.OBJ
D:\MATERIAL\APACHE-LOG4CXX-0.10.0\PROJECTS\RELEASE\TRANSCODER.OBJ
D:\MATERIAL\APACHE-LOG4CXX-0.10.0\PROJECTS\RELEASE\TRANSFORM.OBJ
D:\MATERIAL\APACHE-LOG4CXX-0.10.0\PROJECTS\RELEASE\TRIGGERINGPOLICY.OBJ
D:\MATERIAL\APACHE-LOG4CXX-0.10.0\PROJECTS\RELEASE\TTCCLAYOUT.OBJ
D:\MATERIAL\APACHE-LOG4CXX-0.10.0\PROJECTS\RELEASE\VC100.PDB
D:\MATERIAL\APACHE-LOG4CXX-0.10.0\PROJECTS\RELEASE\WRITER.OBJ
D:\MATERIAL\APACHE-LOG4CXX-0.10.0\PROJECTS\RELEASE\WRITERAPPENDER.OBJ
D:\MATERIAL\APACHE-LOG4CXX-0.10.0\PROJECTS\RELEASE\XMLLAYOUT.OBJ
D:\MATERIAL\APACHE-LOG4CXX-0.10.0\PROJECTS\RELEASE\XMLSOCKETAPPENDER.OBJ
D:\MATERIAL\APACHE-LOG4CXX-0.10.0\PROJECTS\RELEASE\ZIPCOMPRESSACTION.OBJ
