Build started 2015/5/18 17:45:53.
     1>Project "D:\material\apache-log4cxx-0.10.0\projects\log4cxx.vcxproj" on node 2 (rebuild target(s)).
     1>_PrepareForClean:
         Deleting file ".\Release\log4cxx.lastbuildstate".
       InitializeBuildStatus:
         Creating ".\Release\log4cxx.unsuccessfulbuild" because "AlwaysCreate" was specified.
       ClCompile:
         C:\Program Files (x86)\Microsoft Visual Studio 10.0\VC\bin\CL.exe /c /I..\src\main\include /I..\..\apr\include /I"..\..\apr-util\include" /Zi /nologo /W1 /WX- /Od /Ob1 /Oy- /D NDEBUG /D _USRDLL /D DLL_EXPORTS /D LOG4CXX /D APR_DECLARE_STATIC /D APU_DECLARE_STATIC /D WIN32 /D _VC80_UPGRADE=0x0600 /D _WINDLL /D _MBCS /GF /Gm- /EHsc /MD /GS /Gy /fp:precise /Zc:wchar_t /Zc:forScope /Fo".\Release\\" /Fd".\Release\vc100.pdb" /Gd /TP /analyze- /errorReport:prompt ..\src\main\cpp\action.cpp ..\src\main\cpp\appenderattachableimpl.cpp ..\src\main\cpp\appenderskeleton.cpp ..\src\main\cpp\aprinitializer.cpp ..\src\main\cpp\asyncappender.cpp ..\src\main\cpp\basicconfigurator.cpp ..\src\main\cpp\bufferedwriter.cpp ..\src\main\cpp\bytearrayinputstream.cpp ..\src\main\cpp\bytearrayoutputstream.cpp ..\src\main\cpp\bytebuffer.cpp ..\src\main\cpp\cacheddateformat.cpp ..\src\main\cpp\charsetdecoder.cpp ..\src\main\cpp\charsetencoder.cpp ..\src\main\cpp\class.cpp ..\src\main\cpp\classnamepatternconverter.cpp ..\src\main\cpp\classregistration.cpp ..\src\main\cpp\condition.cpp ..\src\main\cpp\configurator.cpp ..\src\main\cpp\consoleappender.cpp ..\src\main\cpp\cyclicbuffer.cpp ..\src\main\cpp\dailyrollingfileappender.cpp ..\src\main\cpp\datagrampacket.cpp ..\src\main\cpp\datagramsocket.cpp ..\src\main\cpp\date.cpp ..\src\main\cpp\dateformat.cpp ..\src\main\cpp\datelayout.cpp ..\src\main\cpp\datepatternconverter.cpp ..\src\main\cpp\defaultconfigurator.cpp ..\src\main\cpp\defaultloggerfactory.cpp ..\src\main\cpp\defaultrepositoryselector.cpp ..\src\main\cpp\domconfigurator.cpp ..\src\main\cpp\exception.cpp ..\src\main\cpp\fallbackerrorhandler.cpp ..\src\main\cpp\file.cpp ..\src\main\cpp\fileappender.cpp ..\src\main\cpp\filedatepatternconverter.cpp ..\src\main\cpp\fileinputstream.cpp ..\src\main\cpp\filelocationpatternconverter.cpp ..\src\main\cpp\fileoutputstream.cpp ..\src\main\cpp\filerenameaction.cpp ..\src\main\cpp\filewatchdog.cpp ..\src\main\cpp\filter.cpp ..\src\main\cpp\filterbasedtriggeringpolicy.cpp ..\src\main\cpp\fixedwindowrollingpolicy.cpp ..\src\main\cpp\formattinginfo.cpp ..\src\main\cpp\fulllocationpatternconverter.cpp ..\src\main\cpp\gzcompressaction.cpp ..\src\main\cpp\hierarchy.cpp ..\src\main\cpp\htmllayout.cpp ..\src\main\cpp\inetaddress.cpp ..\src\main\cpp\inputstream.cpp ..\src\main\cpp\inputstreamreader.cpp ..\src\main\cpp\integer.cpp ..\src\main\cpp\integerpatternconverter.cpp ..\src\main\cpp\layout.cpp ..\src\main\cpp\level.cpp ..\src\main\cpp\levelmatchfilter.cpp ..\src\main\cpp\levelpatternconverter.cpp ..\src\main\cpp\levelrangefilter.cpp ..\src\main\cpp\linelocationpatternconverter.cpp ..\src\main\cpp\lineseparatorpatternconverter.cpp ..\src\main\cpp\literalpatternconverter.cpp ..\src\main\cpp\loader.cpp ..\src\main\cpp\locale.cpp ..\src\main\cpp\locationinfo.cpp ..\src\main\cpp\logger.cpp ..\src\main\cpp\loggerpatternconverter.cpp ..\src\main\cpp\loggingevent.cpp ..\src\main\cpp\loggingeventpatternconverter.cpp ..\src\main\cpp\loglog.cpp ..\src\main\cpp\logmanager.cpp ..\src\main\cpp\logstream.cpp ..\src\main\cpp\manualtriggeringpolicy.cpp ..\src\main\cpp\mdc.cpp ..\src\main\cpp\messagebuffer.cpp ..\src\main\cpp\messagepatternconverter.cpp ..\src\main\cpp\methodlocationpatternconverter.cpp ..\src\main\cpp\mutex.cpp ..\src\main\cpp\nameabbreviator.cpp ..\src\main\cpp\namepatternconverter.cpp ..\src\main\cpp\ndc.cpp ..\src\main\cpp\ndcpatternconverter.cpp ..\src\main\cpp\nteventlogappender.cpp ..\src\main\cpp\objectimpl.cpp ..\src\main\cpp\objectoutputstream.cpp ..\src\main\cpp\objectptr.cpp ..\src\main\cpp\obsoleterollingfileappender.cpp ..\src\main\cpp\odbcappender.cpp ..\src\main\cpp\onlyonceerrorhandler.cpp ..\src\main\cpp\optionconverter.cpp ..\src\main\cpp\outputdebugstringappender.cpp ..\src\main\cpp\outputstream.cpp ..\src\main\cpp\outputstreamwriter.cpp ..\src\main\cpp\patternconverter.cpp ..\src\main\cpp\patternlayout.cpp ..\src\main\cpp\patternparser.cpp ..\src\main\cpp\pool.cpp ..\src\main\cpp\properties.cpp ..\src\main\cpp\propertiespatternconverter.cpp ..\src\main\cpp\propertyconfigurator.cpp ..\src\main\cpp\propertyresourcebundle.cpp ..\src\main\cpp\propertysetter.cpp ..\src\main\cpp\reader.cpp ..\src\main\cpp\relativetimedateformat.cpp ..\src\main\cpp\relativetimepatternconverter.cpp ..\src\main\cpp\resourcebundle.cpp ..\src\main\cpp\rollingfileappender.cpp ..\src\main\cpp\rollingpolicy.cpp ..\src\main\cpp\rollingpolicybase.cpp ..\src\main\cpp\rolloverdescription.cpp ..\src\main\cpp\rootlogger.cpp ..\src\main\cpp\serversocket.cpp ..\src\main\cpp\simpledateformat.cpp ..\src\main\cpp\simplelayout.cpp ..\src\main\cpp\sizebasedtriggeringpolicy.cpp ..\src\main\cpp\smtpappender.cpp ..\src\main\cpp\socket.cpp ..\src\main\cpp\socketappender.cpp ..\src\main\cpp\socketappenderskeleton.cpp ..\src\main\cpp\sockethubappender.cpp ..\src\main\cpp\socketoutputstream.cpp ..\src\main\cpp\strftimedateformat.cpp ..\src\main\cpp\stringhelper.cpp ..\src\main\cpp\stringmatchfilter.cpp ..\src\main\cpp\stringtokenizer.cpp ..\src\main\cpp\synchronized.cpp ..\src\main\cpp\syslogappender.cpp ..\src\main\cpp\syslogwriter.cpp ..\src\main\cpp\system.cpp ..\src\main\cpp\systemerrwriter.cpp ..\src\main\cpp\systemoutwriter.cpp ..\src\main\cpp\threadcxx.cpp ..\src\main\cpp\threadlocal.cpp ..\src\main\cpp\threadpatternconverter.cpp ..\src\main\cpp\threadspecificdata.cpp ..\src\main\cpp\throwableinformationpatternconverter.cpp ..\src\main\cpp\timebasedrollingpolicy.cpp ..\src\main\cpp\timezone.cpp ..\src\main\cpp\transcoder.cpp ..\src\main\cpp\transform.cpp ..\src\main\cpp\triggeringpolicy.cpp ..\src\main\cpp\ttcclayout.cpp ..\src\main\cpp\writer.cpp ..\src\main\cpp\writerappender.cpp ..\src\main\cpp\xmllayout.cpp ..\src\main\cpp\xmlsocketappender.cpp ..\src\main\cpp\zipcompressaction.cpp  /EHsc   /EHsc 
         action.cpp
         appenderattachableimpl.cpp
         appenderskeleton.cpp
         aprinitializer.cpp
         asyncappender.cpp
         basicconfigurator.cpp
         bufferedwriter.cpp
         bytearrayinputstream.cpp
         bytearrayoutputstream.cpp
         bytebuffer.cpp
         cacheddateformat.cpp
         charsetdecoder.cpp
         charsetencoder.cpp
         class.cpp
         classnamepatternconverter.cpp
         classregistration.cpp
         condition.cpp
         configurator.cpp
         consoleappender.cpp
         cyclicbuffer.cpp
         Generating Code...
         Compiling...
         dailyrollingfileappender.cpp
         datagrampacket.cpp
         datagramsocket.cpp
         date.cpp
         dateformat.cpp
         datelayout.cpp
         datepatternconverter.cpp
         defaultconfigurator.cpp
         defaultloggerfactory.cpp
         defaultrepositoryselector.cpp
         domconfigurator.cpp
         exception.cpp
         fallbackerrorhandler.cpp
         file.cpp
         fileappender.cpp
         filedatepatternconverter.cpp
         fileinputstream.cpp
         filelocationpatternconverter.cpp
         fileoutputstream.cpp
         filerenameaction.cpp
         Generating Code...
         Compiling...
         filewatchdog.cpp
         filter.cpp
         filterbasedtriggeringpolicy.cpp
         fixedwindowrollingpolicy.cpp
         formattinginfo.cpp
         fulllocationpatternconverter.cpp
         gzcompressaction.cpp
         hierarchy.cpp
         htmllayout.cpp
         inetaddress.cpp
         inputstream.cpp
         inputstreamreader.cpp
         integer.cpp
         integerpatternconverter.cpp
         layout.cpp
         level.cpp
         levelmatchfilter.cpp
         levelpatternconverter.cpp
         levelrangefilter.cpp
         linelocationpatternconverter.cpp
         Generating Code...
         Compiling...
         lineseparatorpatternconverter.cpp
         literalpatternconverter.cpp
         loader.cpp
         locale.cpp
         locationinfo.cpp
         logger.cpp
         loggerpatternconverter.cpp
         loggingevent.cpp
         loggingeventpatternconverter.cpp
         loglog.cpp
         logmanager.cpp
         logstream.cpp
         manualtriggeringpolicy.cpp
         mdc.cpp
         messagebuffer.cpp
         messagepatternconverter.cpp
         methodlocationpatternconverter.cpp
         mutex.cpp
         nameabbreviator.cpp
         namepatternconverter.cpp
         Generating Code...
         Compiling...
         ndc.cpp
         ndcpatternconverter.cpp
         nteventlogappender.cpp
         objectimpl.cpp
         objectoutputstream.cpp
         objectptr.cpp
         obsoleterollingfileappender.cpp
         odbcappender.cpp
         onlyonceerrorhandler.cpp
         optionconverter.cpp
         outputdebugstringappender.cpp
         outputstream.cpp
         outputstreamwriter.cpp
         patternconverter.cpp
         patternlayout.cpp
         patternparser.cpp
         pool.cpp
         properties.cpp
         propertiespatternconverter.cpp
         propertyconfigurator.cpp
         Generating Code...
         Compiling...
         propertyresourcebundle.cpp
         propertysetter.cpp
         reader.cpp
         relativetimedateformat.cpp
         relativetimepatternconverter.cpp
         resourcebundle.cpp
         rollingfileappender.cpp
         rollingpolicy.cpp
         rollingpolicybase.cpp
         rolloverdescription.cpp
         rootlogger.cpp
         serversocket.cpp
         simpledateformat.cpp
         simplelayout.cpp
         sizebasedtriggeringpolicy.cpp
         smtpappender.cpp
         socket.cpp
         socketappender.cpp
         socketappenderskeleton.cpp
         sockethubappender.cpp
         Generating Code...
         Compiling...
         socketoutputstream.cpp
         strftimedateformat.cpp
         stringhelper.cpp
         stringmatchfilter.cpp
         stringtokenizer.cpp
         synchronized.cpp
         syslogappender.cpp
         syslogwriter.cpp
         system.cpp
         systemerrwriter.cpp
         systemoutwriter.cpp
         threadcxx.cpp
         threadlocal.cpp
         threadpatternconverter.cpp
         threadspecificdata.cpp
         throwableinformationpatternconverter.cpp
         timebasedrollingpolicy.cpp
         timezone.cpp
         transcoder.cpp
         transform.cpp
         Generating Code...
         Compiling...
         triggeringpolicy.cpp
         ttcclayout.cpp
         writer.cpp
         writerappender.cpp
         xmllayout.cpp
         xmlsocketappender.cpp
         zipcompressaction.cpp
         Generating Code...
         C:\Program Files (x86)\Microsoft Visual Studio 10.0\VC\bin\CL.exe /c /I..\src\main\include /I..\..\apr\include /I"..\..\apr-util\include" /Zi /nologo /W1 /WX- /Od /Ob1 /Oy- /D NDEBUG /D _USRDLL /D DLL_EXPORTS /D LOG4CXX /D APR_DECLARE_STATIC /D APU_DECLARE_STATIC /D WIN32 /D _VC80_UPGRADE=0x0600 /D _WINDLL /D _MBCS /GF /Gm- /EHsc /MD /GS /Gy /fp:precise /Zc:wchar_t /Zc:forScope /Fo".\Release\\" /Fd".\Release\vc100.pdb" /Gd /TP /analyze- /errorReport:prompt ..\src\main\cpp\telnetappender.cpp  /EHsc 
         telnetappender.cpp
       ResourceCompile:
         C:\Program Files (x86)\Microsoft SDKs\Windows\v7.0A\bin\rc.exe /D NDEBUG /D _VC80_UPGRADE=0x0600 /l"0x0409" /I"\material\apache-log4cxx-0.10.0\src\main\resources" /nologo /fo".\Release\log4cxx.res" ..\src\main\resources\log4cxx.rc 
       Link:
         C:\Program Files (x86)\Microsoft Visual Studio 10.0\VC\bin\link.exe /ERRORREPORT:PROMPT /OUT:".\Release\log4cxx.dll" /INCREMENTAL:NO /NOLOGO ADVAPI32.LIB WS2_32.LIB MSWSOCK.LIB SHELL32.LIB ODBC32.LIB kernel32.lib user32.lib gdi32.lib winspool.lib comdlg32.lib advapi32.lib shell32.lib ole32.lib oleaut32.lib uuid.lib odbc32.lib odbccp32.lib /MANIFEST /ManifestFile:".\Release\log4cxx.dll.intermediate.manifest" /MANIFESTUAC:"level='asInvoker' uiAccess='false'" /PDB:"D:\material\apache-log4cxx-0.10.0\projects\Release\log4cxx.pdb" /SUBSYSTEM:CONSOLE /TLBID:1 /DYNAMICBASE /NXCOMPAT /IMPLIB:".\Release\log4cxx.lib" /MACHINE:X86 /DLL .\Release\log4cxx.res
         .\Release\action.obj
         .\Release\appenderattachableimpl.obj
         .\Release\appenderskeleton.obj
         .\Release\aprinitializer.obj
         .\Release\asyncappender.obj
         .\Release\basicconfigurator.obj
         .\Release\bufferedwriter.obj
         .\Release\bytearrayinputstream.obj
         .\Release\bytearrayoutputstream.obj
         .\Release\bytebuffer.obj
         .\Release\cacheddateformat.obj
         .\Release\charsetdecoder.obj
         .\Release\charsetencoder.obj
         .\Release\class.obj
         .\Release\classnamepatternconverter.obj
         .\Release\classregistration.obj
         .\Release\condition.obj
         .\Release\configurator.obj
         .\Release\consoleappender.obj
         .\Release\cyclicbuffer.obj
         .\Release\dailyrollingfileappender.obj
         .\Release\datagrampacket.obj
         .\Release\datagramsocket.obj
         .\Release\date.obj
         .\Release\dateformat.obj
         .\Release\datelayout.obj
         .\Release\datepatternconverter.obj
         .\Release\defaultconfigurator.obj
         .\Release\defaultloggerfactory.obj
         .\Release\defaultrepositoryselector.obj
         .\Release\domconfigurator.obj
         .\Release\exception.obj
         .\Release\fallbackerrorhandler.obj
         .\Release\file.obj
         .\Release\fileappender.obj
         .\Release\filedatepatternconverter.obj
         .\Release\fileinputstream.obj
         .\Release\filelocationpatternconverter.obj
         .\Release\fileoutputstream.obj
         .\Release\filerenameaction.obj
         .\Release\filewatchdog.obj
         .\Release\filter.obj
         .\Release\filterbasedtriggeringpolicy.obj
         .\Release\fixedwindowrollingpolicy.obj
         .\Release\formattinginfo.obj
         .\Release\fulllocationpatternconverter.obj
         .\Release\gzcompressaction.obj
         .\Release\hierarchy.obj
         .\Release\htmllayout.obj
         .\Release\inetaddress.obj
         .\Release\inputstream.obj
         .\Release\inputstreamreader.obj
         .\Release\integer.obj
         .\Release\integerpatternconverter.obj
         .\Release\layout.obj
         .\Release\level.obj
         .\Release\levelmatchfilter.obj
         .\Release\levelpatternconverter.obj
         .\Release\levelrangefilter.obj
         .\Release\linelocationpatternconverter.obj
         .\Release\lineseparatorpatternconverter.obj
         .\Release\literalpatternconverter.obj
         .\Release\loader.obj
         .\Release\locale.obj
         .\Release\locationinfo.obj
         .\Release\logger.obj
         .\Release\loggerpatternconverter.obj
         .\Release\loggingevent.obj
         .\Release\loggingeventpatternconverter.obj
         .\Release\loglog.obj
         .\Release\logmanager.obj
         .\Release\logstream.obj
         .\Release\manualtriggeringpolicy.obj
         .\Release\mdc.obj
         .\Release\messagebuffer.obj
         .\Release\messagepatternconverter.obj
         .\Release\methodlocationpatternconverter.obj
         .\Release\mutex.obj
         .\Release\nameabbreviator.obj
         .\Release\namepatternconverter.obj
         .\Release\ndc.obj
         .\Release\ndcpatternconverter.obj
         .\Release\nteventlogappender.obj
         .\Release\objectimpl.obj
         .\Release\objectoutputstream.obj
         .\Release\objectptr.obj
         .\Release\obsoleterollingfileappender.obj
         .\Release\odbcappender.obj
         .\Release\onlyonceerrorhandler.obj
         .\Release\optionconverter.obj
         .\Release\outputdebugstringappender.obj
         .\Release\outputstream.obj
         .\Release\outputstreamwriter.obj
         .\Release\patternconverter.obj
         .\Release\patternlayout.obj
         .\Release\patternparser.obj
         .\Release\pool.obj
         .\Release\properties.obj
         .\Release\propertiespatternconverter.obj
         .\Release\propertyconfigurator.obj
         .\Release\propertyresourcebundle.obj
         .\Release\propertysetter.obj
         .\Release\reader.obj
         .\Release\relativetimedateformat.obj
         .\Release\relativetimepatternconverter.obj
         .\Release\resourcebundle.obj
         .\Release\rollingfileappender.obj
         .\Release\rollingpolicy.obj
         .\Release\rollingpolicybase.obj
         .\Release\rolloverdescription.obj
         .\Release\rootlogger.obj
         .\Release\serversocket.obj
         .\Release\simpledateformat.obj
         .\Release\simplelayout.obj
         .\Release\sizebasedtriggeringpolicy.obj
         .\Release\smtpappender.obj
         .\Release\socket.obj
         .\Release\socketappender.obj
         .\Release\socketappenderskeleton.obj
         .\Release\sockethubappender.obj
         .\Release\socketoutputstream.obj
         .\Release\strftimedateformat.obj
         .\Release\stringhelper.obj
         .\Release\stringmatchfilter.obj
         .\Release\stringtokenizer.obj
         .\Release\synchronized.obj
         .\Release\syslogappender.obj
         .\Release\syslogwriter.obj
         .\Release\system.obj
         .\Release\systemerrwriter.obj
         .\Release\systemoutwriter.obj
         .\Release\telnetappender.obj
         .\Release\threadcxx.obj
         .\Release\threadlocal.obj
         .\Release\threadpatternconverter.obj
         .\Release\threadspecificdata.obj
         .\Release\throwableinformationpatternconverter.obj
         .\Release\timebasedrollingpolicy.obj
         .\Release\timezone.obj
         .\Release\transcoder.obj
         .\Release\transform.obj
         .\Release\triggeringpolicy.obj
         .\Release\ttcclayout.obj
         .\Release\writer.obj
         .\Release\writerappender.obj
         .\Release\xmllayout.obj
         .\Release\xmlsocketappender.obj
         .\Release\zipcompressaction.obj
         "D:\material\apr-util\LibR\aprutil-1.lib"
         "D:\material\apr-util\xml\expat\lib\LibR\xml.lib"
         "D:\material\apr\LibR\apr-1.lib"
            Creating library .\Release\log4cxx.lib and object .\Release\log4cxx.exp
         log4cxx.vcxproj -> D:\material\apache-log4cxx-0.10.0\projects\.\Release\log4cxx.dll
       Manifest:
         C:\Program Files (x86)\Microsoft SDKs\Windows\v7.0A\bin\mt.exe /nologo /verbose /outputresource:".\Release\log4cxx.dll;#2" /manifest .\Release\log4cxx.dll.intermediate.manifest
       FinalizeBuildStatus:
         Deleting file ".\Release\log4cxx.unsuccessfulbuild".
         Touching ".\Release\log4cxx.lastbuildstate".
     1>Done Building Project "D:\material\apache-log4cxx-0.10.0\projects\log4cxx.vcxproj" (rebuild target(s)).

Build succeeded.

Time Elapsed 00:01:04.11
