Build started 2015/5/26 13:13:46.
     1>Project "c:\Users\minhuaxu\documents\visual studio 2010\Projects\xumhLib\xumhLib\xumhLib.vcxproj" on node 2 (build target(s)).
     1>InitializeBuildStatus:
         Creating "Debug\xumhLib.unsuccessfulbuild" because "AlwaysCreate" was specified.
       ClCompile:
         All outputs are up-to-date.
         C:\Program Files (x86)\Microsoft Visual Studio 10.0\VC\bin\CL.exe /c /Zi /nologo /W3 /WX- /Od /Oy- /D WIN32 /D _DEBUG /D _CONSOLE /D _UNICODE /D UNICODE /Gm /EHsc /RTC1 /MDd /GS /fp:precise /Zc:wchar_t /Zc:forScope /Yu"StdAfx.h" /Fp"Debug\xumhLib.pch" /Fo"Debug\\" /Fd"Debug\vc100.pdb" /Gd /TP /analyze- /errorReport:prompt xumhLib.cpp
         xumhLib.cpp
         All outputs are up-to-date.
       ManifestResourceCompile:
         All outputs are up-to-date.
       Link:
         C:\Program Files (x86)\Microsoft Visual Studio 10.0\VC\bin\link.exe /ERRORREPORT:PROMPT /OUT:"c:\users\minhuaxu\documents\visual studio 2010\Projects\xumhLib\Debug\xumhLib.exe" /INCREMENTAL /NOLOGO kernel32.lib user32.lib gdi32.lib winspool.lib comdlg32.lib advapi32.lib shell32.lib ole32.lib oleaut32.lib uuid.lib odbc32.lib odbccp32.lib /MANIFEST /ManifestFile:"Debug\xumhLib.exe.intermediate.manifest" /MANIFESTUAC:"level='asInvoker' uiAccess='false'" /DEBUG /PDB:"c:\users\minhuaxu\documents\visual studio 2010\Projects\xumhLib\Debug\xumhLib.pdb" /SUBSYSTEM:CONSOLE /TLBID:1 /DYNAMICBASE /NXCOMPAT /IMPLIB:"c:\users\minhuaxu\documents\visual studio 2010\Projects\xumhLib\Debug\xumhLib.lib" /MACHINE:X86 Debug\xumhLib.exe.embed.manifest.res
         Debug\stdafx.obj
         Debug\xumhLib.obj
         Debug\xumh_lib.obj
       Manifest:
         C:\Program Files (x86)\Microsoft SDKs\Windows\v7.0A\bin\mt.exe /nologo /verbose /out:"Debug\xumhLib.exe.embed.manifest" /manifest Debug\xumhLib.exe.intermediate.manifest
         All outputs are up-to-date.
       LinkEmbedManifest:
         All outputs are up-to-date.
         xumhLib.vcxproj -> c:\users\minhuaxu\documents\visual studio 2010\Projects\xumhLib\Debug\xumhLib.exe
       FinalizeBuildStatus:
         Deleting file "Debug\xumhLib.unsuccessfulbuild".
         Touching "Debug\xumhLib.lastbuildstate".
     1>Done Building Project "c:\Users\minhuaxu\documents\visual studio 2010\Projects\xumhLib\xumhLib\xumhLib.vcxproj" (build target(s)).

Build succeeded.

Time Elapsed 00:00:00.48
